Configuring syb-0.6...
Building syb-0.6...
Preprocessing library syb-0.6...
[ 1 of 16] Compiling Data.Generics.Basics ( src/Data/Generics/Basics.hs, dist/build/Data/Generics/Basics.o )
[ 2 of 16] Compiling Generics.SYB.Basics ( src/Generics/SYB/Basics.hs, dist/build/Generics/SYB/Basics.o )
[ 3 of 16] Compiling Data.Generics.Instances ( src/Data/Generics/Instances.hs, dist/build/Data/Generics/Instances.o )
[ 4 of 16] Compiling Generics.SYB.Instances ( src/Generics/SYB/Instances.hs, dist/build/Generics/SYB/Instances.o )
[ 5 of 16] Compiling Data.Generics.Aliases ( src/Data/Generics/Aliases.hs, dist/build/Data/Generics/Aliases.o )
[ 6 of 16] Compiling Data.Generics.Schemes ( src/Data/Generics/Schemes.hs, dist/build/Data/Generics/Schemes.o )
[ 7 of 16] Compiling Generics.SYB.Schemes ( src/Generics/SYB/Schemes.hs, dist/build/Generics/SYB/Schemes.o )
[ 8 of 16] Compiling Data.Generics.Text ( src/Data/Generics/Text.hs, dist/build/Data/Generics/Text.o )
[ 9 of 16] Compiling Generics.SYB.Text ( src/Generics/SYB/Text.hs, dist/build/Generics/SYB/Text.o )
[10 of 16] Compiling Data.Generics.Twins ( src/Data/Generics/Twins.hs, dist/build/Data/Generics/Twins.o )
[11 of 16] Compiling Generics.SYB.Twins ( src/Generics/SYB/Twins.hs, dist/build/Generics/SYB/Twins.o )
[12 of 16] Compiling Data.Generics.Builders ( src/Data/Generics/Builders.hs, dist/build/Data/Generics/Builders.o )
[13 of 16] Compiling Generics.SYB.Builders ( src/Generics/SYB/Builders.hs, dist/build/Generics/SYB/Builders.o )
[14 of 16] Compiling Generics.SYB.Aliases ( src/Generics/SYB/Aliases.hs, dist/build/Generics/SYB/Aliases.o )
[15 of 16] Compiling Data.Generics    ( src/Data/Generics.hs, dist/build/Data/Generics.o )
[16 of 16] Compiling Generics.SYB     ( src/Generics/SYB.hs, dist/build/Generics/SYB.o )
In-place registering syb-0.6...
Creating package registration file:
/var/folders/1r/2nxctx6j121685qwsd7j2df00000gn/T/pkgConf-syb-0473.6
Installing library in
/Users/cpc26/.cabal/lib/x86_64-osx-ghc-7.10.2/syb-0.6-2wX6OHAY1mu1En8Oic6xKR
Registering syb-0.6...
